<?xml version="1.0" encoding="UTF-8"?>
<coverage generated="1583835565468" clover="3.2.0">
  <project timestamp="1583835565468" name="All files">
    <metrics statements="21" coveredstatements="21" conditionals="6" coveredconditionals="6" methods="5" coveredmethods="5" elements="32" coveredelements="32" complexity="0" loc="21" ncloc="21" packages="1" files="3" classes="3"/>
    <file name="destroyer.js" path="/Users/marcusgustafsson/programming_tests/FCC_with_unit_tests/src/destroyer.js">
      <metrics statements="7" coveredstatements="7" conditionals="2" coveredconditionals="2" methods="2" coveredmethods="2"/>
      <line num="2" count="2" type="stmt"/>
      <line num="3" count="2" type="stmt"/>
      <line num="5" count="2" type="stmt"/>
      <line num="6" count="17" type="cond" truecount="2" falsecount="0"/>
      <line num="7" count="12" type="stmt"/>
      <line num="8" count="5" type="stmt"/>
      <line num="13" count="1" type="stmt"/>
    </file>
    <file name="diffTwoArrays.js" path="/Users/marcusgustafsson/programming_tests/FCC_with_unit_tests/src/diffTwoArrays.js">
      <metrics statements="6" coveredstatements="6" conditionals="4" coveredconditionals="4" methods="2" coveredmethods="2"/>
      <line num="2" count="3" type="stmt"/>
      <line num="4" count="3" type="stmt"/>
      <line num="5" count="26" type="cond" truecount="4" falsecount="0"/>
      <line num="6" count="18" type="stmt"/>
      <line num="8" count="8" type="stmt"/>
      <line num="13" count="1" type="stmt"/>
    </file>
    <file name="sumAll.js" path="/Users/marcusgustafsson/programming_tests/FCC_with_unit_tests/src/sumAll.js">
      <metrics statements="8" coveredstatements="8" conditionals="0" coveredconditionals="0" methods="1" coveredmethods="1"/>
      <line num="2" count="4" type="stmt"/>
      <line num="4" count="4" type="stmt"/>
      <line num="5" count="4" type="stmt"/>
      <line num="6" count="4" type="stmt"/>
      <line num="7" count="19" type="stmt"/>
      <line num="8" count="19" type="stmt"/>
      <line num="10" count="4" type="stmt"/>
      <line num="13" count="1" type="stmt"/>
    </file>
  </project>
</coverage>
