{"/Users/marcusgustafsson/programming_tests/FCC_with_unit_tests/src/destroyer.js": {"path":"/Users/marcusgustafsson/programming_tests/FCC_with_unit_tests/src/destroyer.js","statementMap":{"0":{"start":{"line":2,"column":17},"end":{"line":2,"column":29}},"1":{"start":{"line":3,"column":4},"end":{"line":3,"column":46}},"2":{"start":{"line":5,"column":4},"end":{"line":9,"column":6}},"3":{"start":{"line":6,"column":8},"end":{"line":8,"column":27}},"4":{"start":{"line":7,"column":12},"end":{"line":7,"column":25}},"5":{"start":{"line":8,"column":15},"end":{"line":8,"column":27}},"6":{"start":{"line":13,"column":0},"end":{"line":13,"column":27}}},"fnMap":{"0":{"name":"destroyer","decl":{"start":{"line":1,"column":9},"end":{"line":1,"column":18}},"loc":{"start":{"line":1,"column":24},"end":{"line":10,"column":3}},"line":1},"1":{"name":"(anonymous_1)","decl":{"start":{"line":5,"column":26},"end":{"line":5,"column":27}},"loc":{"start":{"line":5,"column":37},"end":{"line":9,"column":5}},"line":5}},"branchMap":{"0":{"loc":{"start":{"line":6,"column":8},"end":{"line":8,"column":27}},"type":"if","locations":[{"start":{"line":6,"column":8},"end":{"line":8,"column":27}},{"start":{"line":6,"column":8},"end":{"line":8,"column":27}}],"line":6}},"s":{"0":2,"1":2,"2":2,"3":17,"4":12,"5":5,"6":1},"f":{"0":2,"1":17},"b":{"0":[12,5]},"_coverageSchema":"1a1c01bbd47fc00a2c39e90264f33305004495a9","hash":"49635d00332d73d67f00b3bea02f705bf2a20172"}
,"/Users/marcusgustafsson/programming_tests/FCC_with_unit_tests/src/diffTwoArrays.js": {"path":"/Users/marcusgustafsson/programming_tests/FCC_with_unit_tests/src/diffTwoArrays.js","statementMap":{"0":{"start":{"line":2,"column":17},"end":{"line":2,"column":34}},"1":{"start":{"line":4,"column":4},"end":{"line":9,"column":7}},"2":{"start":{"line":5,"column":8},"end":{"line":7,"column":9}},"3":{"start":{"line":6,"column":12},"end":{"line":6,"column":25}},"4":{"start":{"line":8,"column":8},"end":{"line":8,"column":20}},"5":{"start":{"line":13,"column":0},"end":{"line":13,"column":31}}},"fnMap":{"0":{"name":"diffTwoArrays","decl":{"start":{"line":1,"column":9},"end":{"line":1,"column":22}},"loc":{"start":{"line":1,"column":35},"end":{"line":11,"column":3}},"line":1},"1":{"name":"(anonymous_1)","decl":{"start":{"line":4,"column":26},"end":{"line":4,"column":27}},"loc":{"start":{"line":4,"column":35},"end":{"line":9,"column":5}},"line":4}},"branchMap":{"0":{"loc":{"start":{"line":5,"column":8},"end":{"line":7,"column":9}},"type":"if","locations":[{"start":{"line":5,"column":8},"end":{"line":7,"column":9}},{"start":{"line":5,"column":8},"end":{"line":7,"column":9}}],"line":5},"1":{"loc":{"start":{"line":5,"column":12},"end":{"line":5,"column":52}},"type":"binary-expr","locations":[{"start":{"line":5,"column":12},"end":{"line":5,"column":30}},{"start":{"line":5,"column":34},"end":{"line":5,"column":52}}],"line":5}},"s":{"0":3,"1":3,"2":26,"3":18,"4":8,"5":1},"f":{"0":3,"1":26},"b":{"0":[18,8],"1":[26,23]},"_coverageSchema":"1a1c01bbd47fc00a2c39e90264f33305004495a9","hash":"57db62e83564b6c17134a0df0c07e7cfb66a1cfe"}
,"/Users/marcusgustafsson/programming_tests/FCC_with_unit_tests/src/sumAll.js": {"path":"/Users/marcusgustafsson/programming_tests/FCC_with_unit_tests/src/sumAll.js","statementMap":{"0":{"start":{"line":2,"column":12},"end":{"line":2,"column":13}},"1":{"start":{"line":4,"column":12},"end":{"line":4,"column":28}},"2":{"start":{"line":5,"column":12},"end":{"line":5,"column":28}},"3":{"start":{"line":6,"column":2},"end":{"line":9,"column":3}},"4":{"start":{"line":7,"column":4},"end":{"line":7,"column":15}},"5":{"start":{"line":8,"column":4},"end":{"line":8,"column":13}},"6":{"start":{"line":10,"column":4},"end":{"line":10,"column":15}},"7":{"start":{"line":13,"column":2},"end":{"line":13,"column":26}}},"fnMap":{"0":{"name":"sumAll","decl":{"start":{"line":1,"column":9},"end":{"line":1,"column":15}},"loc":{"start":{"line":1,"column":21},"end":{"line":11,"column":3}},"line":1}},"branchMap":{},"s":{"0":4,"1":4,"2":4,"3":4,"4":19,"5":19,"6":4,"7":1},"f":{"0":4},"b":{},"_coverageSchema":"1a1c01bbd47fc00a2c39e90264f33305004495a9","hash":"9f1a0d2469ab283ac82e3c30304e1b35019fec72"}
}
