{"/Users/marcusgustafsson/programming_tests/FCC_with_unit_tests/src/destroyer.js": {"path":"/Users/marcusgustafsson/programming_tests/FCC_with_unit_tests/src/destroyer.js","statementMap":{"0":{"start":{"line":2,"column":17},"end":{"line":2,"column":40}},"1":{"start":{"line":4,"column":4},"end":{"line":5,"column":39}},"2":{"start":{"line":5,"column":4},"end":{"line":5,"column":37}},"3":{"start":{"line":9,"column":0},"end":{"line":9,"column":27}}},"fnMap":{"0":{"name":"destroyer","decl":{"start":{"line":1,"column":9},"end":{"line":1,"column":18}},"loc":{"start":{"line":1,"column":24},"end":{"line":6,"column":3}},"line":1},"1":{"name":"(anonymous_1)","decl":{"start":{"line":4,"column":23},"end":{"line":4,"column":24}},"loc":{"start":{"line":5,"column":4},"end":{"line":5,"column":37}},"line":5}},"branchMap":{"0":{"loc":{"start":{"line":5,"column":4},"end":{"line":5,"column":37}},"type":"cond-expr","locations":[{"start":{"line":5,"column":25},"end":{"line":5,"column":30}},{"start":{"line":5,"column":33},"end":{"line":5,"column":37}}],"line":5}},"s":{"0":2,"1":2,"2":17,"3":1},"f":{"0":2,"1":17},"b":{"0":[12,5]},"_coverageSchema":"1a1c01bbd47fc00a2c39e90264f33305004495a9","hash":"4c39a4c71b0bb1e3822bb5d6b544b74eb4fb7a2c"}
,"/Users/marcusgustafsson/programming_tests/FCC_with_unit_tests/src/diffTwoArrays.js": {"path":"/Users/marcusgustafsson/programming_tests/FCC_with_unit_tests/src/diffTwoArrays.js","statementMap":{"0":{"start":{"line":2,"column":17},"end":{"line":2,"column":34}},"1":{"start":{"line":4,"column":4},"end":{"line":9,"column":7}},"2":{"start":{"line":5,"column":8},"end":{"line":7,"column":9}},"3":{"start":{"line":6,"column":12},"end":{"line":6,"column":25}},"4":{"start":{"line":8,"column":8},"end":{"line":8,"column":20}},"5":{"start":{"line":13,"column":0},"end":{"line":13,"column":31}}},"fnMap":{"0":{"name":"diffTwoArrays","decl":{"start":{"line":1,"column":9},"end":{"line":1,"column":22}},"loc":{"start":{"line":1,"column":35},"end":{"line":11,"column":3}},"line":1},"1":{"name":"(anonymous_1)","decl":{"start":{"line":4,"column":26},"end":{"line":4,"column":27}},"loc":{"start":{"line":4,"column":35},"end":{"line":9,"column":5}},"line":4}},"branchMap":{"0":{"loc":{"start":{"line":5,"column":8},"end":{"line":7,"column":9}},"type":"if","locations":[{"start":{"line":5,"column":8},"end":{"line":7,"column":9}},{"start":{"line":5,"column":8},"end":{"line":7,"column":9}}],"line":5},"1":{"loc":{"start":{"line":5,"column":12},"end":{"line":5,"column":52}},"type":"binary-expr","locations":[{"start":{"line":5,"column":12},"end":{"line":5,"column":30}},{"start":{"line":5,"column":34},"end":{"line":5,"column":52}}],"line":5}},"s":{"0":3,"1":3,"2":26,"3":18,"4":8,"5":1},"f":{"0":3,"1":26},"b":{"0":[18,8],"1":[26,23]},"_coverageSchema":"1a1c01bbd47fc00a2c39e90264f33305004495a9","hash":"57db62e83564b6c17134a0df0c07e7cfb66a1cfe"}
,"/Users/marcusgustafsson/programming_tests/FCC_with_unit_tests/src/fearNotLetter.js": {"path":"/Users/marcusgustafsson/programming_tests/FCC_with_unit_tests/src/fearNotLetter.js","statementMap":{"0":{"start":{"line":4,"column":4},"end":{"line":9,"column":5}},"1":{"start":{"line":4,"column":17},"end":{"line":4,"column":18}},"2":{"start":{"line":5,"column":8},"end":{"line":5,"column":35}},"3":{"start":{"line":6,"column":8},"end":{"line":8,"column":9}},"4":{"start":{"line":7,"column":12},"end":{"line":7,"column":49}},"5":{"start":{"line":10,"column":4},"end":{"line":10,"column":21}},"6":{"start":{"line":14,"column":0},"end":{"line":14,"column":30}}},"fnMap":{"0":{"name":"fearNotLetter","decl":{"start":{"line":1,"column":9},"end":{"line":1,"column":22}},"loc":{"start":{"line":1,"column":28},"end":{"line":11,"column":1}},"line":1}},"branchMap":{"0":{"loc":{"start":{"line":6,"column":8},"end":{"line":8,"column":9}},"type":"if","locations":[{"start":{"line":6,"column":8},"end":{"line":8,"column":9}},{"start":{"line":6,"column":8},"end":{"line":8,"column":9}}],"line":6},"1":{"loc":{"start":{"line":6,"column":12},"end":{"line":6,"column":81}},"type":"binary-expr","locations":[{"start":{"line":6,"column":12},"end":{"line":6,"column":47}},{"start":{"line":6,"column":51},"end":{"line":6,"column":81}}],"line":6}},"s":{"0":4,"1":4,"2":40,"3":40,"4":3,"5":1,"6":1},"f":{"0":4},"b":{"0":[3,37],"1":[40,4]},"_coverageSchema":"1a1c01bbd47fc00a2c39e90264f33305004495a9","hash":"8a1e19bc6fc5e24ed93340b9c4944e56c8a354e5"}
,"/Users/marcusgustafsson/programming_tests/FCC_with_unit_tests/src/smallestCommons.js": {"path":"/Users/marcusgustafsson/programming_tests/FCC_with_unit_tests/src/smallestCommons.js","statementMap":{"0":{"start":{"line":2,"column":16},"end":{"line":2,"column":32}},"1":{"start":{"line":3,"column":16},"end":{"line":3,"column":32}},"2":{"start":{"line":5,"column":12},"end":{"line":5,"column":13}},"3":{"start":{"line":6,"column":4},"end":{"line":23,"column":5}},"4":{"start":{"line":9,"column":20},"end":{"line":9,"column":25}},"5":{"start":{"line":10,"column":8},"end":{"line":19,"column":9}},"6":{"start":{"line":10,"column":21},"end":{"line":10,"column":24}},"7":{"start":{"line":13,"column":12},"end":{"line":18,"column":13}},"8":{"start":{"line":14,"column":16},"end":{"line":14,"column":29}},"9":{"start":{"line":15,"column":16},"end":{"line":15,"column":22}},"10":{"start":{"line":17,"column":16},"end":{"line":17,"column":29}},"11":{"start":{"line":20,"column":8},"end":{"line":20,"column":37}},"12":{"start":{"line":20,"column":28},"end":{"line":20,"column":37}},"13":{"start":{"line":22,"column":8},"end":{"line":22,"column":12}},"14":{"start":{"line":27,"column":0},"end":{"line":27,"column":33}}},"fnMap":{"0":{"name":"smallestCommons","decl":{"start":{"line":1,"column":9},"end":{"line":1,"column":24}},"loc":{"start":{"line":1,"column":30},"end":{"line":25,"column":3}},"line":1}},"branchMap":{"0":{"loc":{"start":{"line":13,"column":12},"end":{"line":18,"column":13}},"type":"if","locations":[{"start":{"line":13,"column":12},"end":{"line":18,"column":13}},{"start":{"line":13,"column":12},"end":{"line":18,"column":13}}],"line":13},"1":{"loc":{"start":{"line":20,"column":8},"end":{"line":20,"column":37}},"type":"if","locations":[{"start":{"line":20,"column":8},"end":{"line":20,"column":37}},{"start":{"line":20,"column":8},"end":{"line":20,"column":37}}],"line":20}},"s":{"0":4,"1":4,"2":4,"3":4,"4":6059456,"5":6059456,"6":6059456,"7":6417895,"8":6059452,"9":6059452,"10":358443,"11":6059456,"12":4,"13":6059452,"14":1},"f":{"0":4},"b":{"0":[6059452,358443],"1":[4,6059452]},"_coverageSchema":"1a1c01bbd47fc00a2c39e90264f33305004495a9","hash":"31df9776257e7dd007d2469bd03b636212185985"}
,"/Users/marcusgustafsson/programming_tests/FCC_with_unit_tests/src/sortedUnion.js": {"path":"/Users/marcusgustafsson/programming_tests/FCC_with_unit_tests/src/sortedUnion.js","statementMap":{"0":{"start":{"line":4,"column":16},"end":{"line":4,"column":25}},"1":{"start":{"line":5,"column":4},"end":{"line":9,"column":5}},"2":{"start":{"line":6,"column":8},"end":{"line":8,"column":9}},"3":{"start":{"line":7,"column":12},"end":{"line":7,"column":26}},"4":{"start":{"line":11,"column":14},"end":{"line":11,"column":24}},"5":{"start":{"line":12,"column":4},"end":{"line":12,"column":15}},"6":{"start":{"line":15,"column":0},"end":{"line":15,"column":58}},"7":{"start":{"line":17,"column":0},"end":{"line":17,"column":28}}},"fnMap":{"0":{"name":"sortedUnion","decl":{"start":{"line":1,"column":9},"end":{"line":1,"column":20}},"loc":{"start":{"line":1,"column":26},"end":{"line":13,"column":3}},"line":1}},"branchMap":{},"s":{"0":2,"1":2,"2":6,"3":18,"4":2,"5":2,"6":1,"7":1},"f":{"0":2},"b":{},"_coverageSchema":"1a1c01bbd47fc00a2c39e90264f33305004495a9","hash":"46a99cc85df449da001eb69a71af2f33bdd34b18"}
,"/Users/marcusgustafsson/programming_tests/FCC_with_unit_tests/src/sumAll.js": {"path":"/Users/marcusgustafsson/programming_tests/FCC_with_unit_tests/src/sumAll.js","statementMap":{"0":{"start":{"line":2,"column":12},"end":{"line":2,"column":13}},"1":{"start":{"line":4,"column":12},"end":{"line":4,"column":28}},"2":{"start":{"line":5,"column":12},"end":{"line":5,"column":28}},"3":{"start":{"line":6,"column":2},"end":{"line":9,"column":3}},"4":{"start":{"line":7,"column":4},"end":{"line":7,"column":15}},"5":{"start":{"line":8,"column":4},"end":{"line":8,"column":13}},"6":{"start":{"line":10,"column":4},"end":{"line":10,"column":15}},"7":{"start":{"line":13,"column":2},"end":{"line":13,"column":26}}},"fnMap":{"0":{"name":"sumAll","decl":{"start":{"line":1,"column":9},"end":{"line":1,"column":15}},"loc":{"start":{"line":1,"column":21},"end":{"line":11,"column":3}},"line":1}},"branchMap":{},"s":{"0":4,"1":4,"2":4,"3":4,"4":19,"5":19,"6":4,"7":1},"f":{"0":4},"b":{},"_coverageSchema":"1a1c01bbd47fc00a2c39e90264f33305004495a9","hash":"9f1a0d2469ab283ac82e3c30304e1b35019fec72"}
,"/Users/marcusgustafsson/programming_tests/FCC_with_unit_tests/src/sumFibs.js": {"path":"/Users/marcusgustafsson/programming_tests/FCC_with_unit_tests/src/sumFibs.js","statementMap":{"0":{"start":{"line":4,"column":15},"end":{"line":4,"column":21}},"1":{"start":{"line":5,"column":14},"end":{"line":5,"column":15}},"2":{"start":{"line":6,"column":4},"end":{"line":14,"column":5}},"3":{"start":{"line":6,"column":17},"end":{"line":6,"column":18}},"4":{"start":{"line":7,"column":19},"end":{"line":7,"column":40}},"5":{"start":{"line":8,"column":8},"end":{"line":13,"column":9}},"6":{"start":{"line":9,"column":12},"end":{"line":9,"column":27}},"7":{"start":{"line":10,"column":12},"end":{"line":10,"column":52}},"8":{"start":{"line":12,"column":12},"end":{"line":12,"column":18}},"9":{"start":{"line":15,"column":4},"end":{"line":15,"column":15}},"10":{"start":{"line":18,"column":2},"end":{"line":18,"column":29}},"11":{"start":{"line":20,"column":0},"end":{"line":20,"column":24}}},"fnMap":{"0":{"name":"sumFibs","decl":{"start":{"line":1,"column":9},"end":{"line":1,"column":16}},"loc":{"start":{"line":1,"column":22},"end":{"line":16,"column":3}},"line":1}},"branchMap":{"0":{"loc":{"start":{"line":8,"column":8},"end":{"line":13,"column":9}},"type":"if","locations":[{"start":{"line":8,"column":8},"end":{"line":13,"column":9}},{"start":{"line":8,"column":8},"end":{"line":13,"column":9}}],"line":8},"1":{"loc":{"start":{"line":10,"column":18},"end":{"line":10,"column":51}},"type":"cond-expr","locations":[{"start":{"line":10,"column":35},"end":{"line":10,"column":45}},{"start":{"line":10,"column":48},"end":{"line":10,"column":51}}],"line":10}},"s":{"0":5,"1":5,"2":5,"3":5,"4":65,"5":65,"6":61,"7":61,"8":4,"9":5,"10":1,"11":1},"f":{"0":5},"b":{"0":[61,4],"1":[39,22]},"_coverageSchema":"1a1c01bbd47fc00a2c39e90264f33305004495a9","hash":"9f2564cf134b114d2ae50d541401ee953f40e534"}
,"/Users/marcusgustafsson/programming_tests/FCC_with_unit_tests/src/sumPrimes.js": {"path":"/Users/marcusgustafsson/programming_tests/FCC_with_unit_tests/src/sumPrimes.js","statementMap":{"0":{"start":{"line":5,"column":17},"end":{"line":5,"column":19}},"1":{"start":{"line":7,"column":4},"end":{"line":20,"column":5}},"2":{"start":{"line":7,"column":17},"end":{"line":7,"column":20}},"3":{"start":{"line":9,"column":20},"end":{"line":9,"column":21}},"4":{"start":{"line":10,"column":8},"end":{"line":16,"column":9}},"5":{"start":{"line":10,"column":21},"end":{"line":10,"column":24}},"6":{"start":{"line":12,"column":12},"end":{"line":15,"column":13}},"7":{"start":{"line":13,"column":16},"end":{"line":13,"column":24}},"8":{"start":{"line":14,"column":16},"end":{"line":14,"column":37}},"9":{"start":{"line":14,"column":31},"end":{"line":14,"column":37}},"10":{"start":{"line":17,"column":8},"end":{"line":19,"column":9}},"11":{"start":{"line":18,"column":12},"end":{"line":18,"column":27}},"12":{"start":{"line":22,"column":4},"end":{"line":22,"column":42}},"13":{"start":{"line":22,"column":35},"end":{"line":22,"column":40}},"14":{"start":{"line":27,"column":0},"end":{"line":27,"column":28}},"15":{"start":{"line":28,"column":0},"end":{"line":28,"column":26}}},"fnMap":{"0":{"name":"sumPrimes","decl":{"start":{"line":1,"column":9},"end":{"line":1,"column":18}},"loc":{"start":{"line":1,"column":24},"end":{"line":24,"column":1}},"line":1},"1":{"name":"(anonymous_1)","decl":{"start":{"line":22,"column":26},"end":{"line":22,"column":27}},"loc":{"start":{"line":22,"column":35},"end":{"line":22,"column":40}},"line":22}},"branchMap":{"0":{"loc":{"start":{"line":12,"column":12},"end":{"line":15,"column":13}},"type":"if","locations":[{"start":{"line":12,"column":12},"end":{"line":15,"column":13}},{"start":{"line":12,"column":12},"end":{"line":15,"column":13}}],"line":12},"1":{"loc":{"start":{"line":14,"column":16},"end":{"line":14,"column":37}},"type":"if","locations":[{"start":{"line":14,"column":16},"end":{"line":14,"column":37}},{"start":{"line":14,"column":16},"end":{"line":14,"column":37}}],"line":14},"2":{"loc":{"start":{"line":17,"column":8},"end":{"line":19,"column":9}},"type":"if","locations":[{"start":{"line":17,"column":8},"end":{"line":19,"column":9}},{"start":{"line":17,"column":8},"end":{"line":19,"column":9}}],"line":17}},"s":{"0":3,"1":3,"2":3,"3":1961,"4":1961,"5":1961,"6":1593812,"7":3588,"8":3588,"9":1627,"10":1961,"11":334,"12":3,"13":331,"14":1,"15":1},"f":{"0":3,"1":331},"b":{"0":[3588,1590224],"1":[1627,1961],"2":[334,1627]},"_coverageSchema":"1a1c01bbd47fc00a2c39e90264f33305004495a9","hash":"dc73c86ffc7b071fb2e80c4e96aa0427c64678e3"}
,"/Users/marcusgustafsson/programming_tests/FCC_with_unit_tests/src/whatIsInAName.js": {"path":"/Users/marcusgustafsson/programming_tests/FCC_with_unit_tests/src/whatIsInAName.js","statementMap":{"0":{"start":{"line":5,"column":14},"end":{"line":13,"column":6}},"1":{"start":{"line":7,"column":6},"end":{"line":12,"column":8}},"2":{"start":{"line":8,"column":8},"end":{"line":10,"column":9}},"3":{"start":{"line":9,"column":10},"end":{"line":9,"column":57}},"4":{"start":{"line":11,"column":8},"end":{"line":11,"column":21}},"5":{"start":{"line":16,"column":4},"end":{"line":16,"column":15}},"6":{"start":{"line":20,"column":2},"end":{"line":20,"column":33}}},"fnMap":{"0":{"name":"whatIsInAName","decl":{"start":{"line":1,"column":9},"end":{"line":1,"column":22}},"loc":{"start":{"line":1,"column":43},"end":{"line":17,"column":3}},"line":1},"1":{"name":"(anonymous_1)","decl":{"start":{"line":5,"column":33},"end":{"line":5,"column":34}},"loc":{"start":{"line":5,"column":42},"end":{"line":13,"column":5}},"line":5},"2":{"name":"(anonymous_2)","decl":{"start":{"line":7,"column":40},"end":{"line":7,"column":41}},"loc":{"start":{"line":7,"column":49},"end":{"line":12,"column":7}},"line":7}},"branchMap":{"0":{"loc":{"start":{"line":8,"column":8},"end":{"line":10,"column":9}},"type":"if","locations":[{"start":{"line":8,"column":8},"end":{"line":10,"column":9}},{"start":{"line":8,"column":8},"end":{"line":10,"column":9}}],"line":8},"1":{"loc":{"start":{"line":9,"column":17},"end":{"line":9,"column":56}},"type":"cond-expr","locations":[{"start":{"line":9,"column":44},"end":{"line":9,"column":49}},{"start":{"line":9,"column":52},"end":{"line":9,"column":56}}],"line":9}},"s":{"0":3,"1":7,"2":10,"3":9,"4":1,"5":3,"6":1},"f":{"0":3,"1":7,"2":10},"b":{"0":[9,1],"1":[3,6]},"_coverageSchema":"1a1c01bbd47fc00a2c39e90264f33305004495a9","hash":"40e9bbfb15060c0fb59311dcff86ada9e6f904e1"}
}
