TN:
SF:src/destroyer.js
FN:1,destroyer
FN:4,(anonymous_1)
FNF:2
FNH:2
FNDA:2,destroyer
FNDA:17,(anonymous_1)
DA:2,2
DA:4,2
DA:5,17
DA:9,1
LF:4
LH:4
BRDA:5,0,0,12
BRDA:5,0,1,5
BRF:2
BRH:2
end_of_record
TN:
SF:src/diffTwoArrays.js
FN:1,diffTwoArrays
FN:4,(anonymous_1)
FNF:2
FNH:2
FNDA:3,diffTwoArrays
FNDA:26,(anonymous_1)
DA:2,3
DA:4,3
DA:5,26
DA:6,18
DA:8,8
DA:13,1
LF:6
LH:6
BRDA:5,0,0,18
BRDA:5,0,1,8
BRDA:5,1,0,26
BRDA:5,1,1,23
BRF:4
BRH:4
end_of_record
TN:
SF:src/fearNotLetter.js
FN:1,fearNotLetter
FNF:1
FNH:1
FNDA:4,fearNotLetter
DA:4,4
DA:5,40
DA:6,40
DA:7,3
DA:10,1
DA:14,1
LF:6
LH:6
BRDA:6,0,0,3
BRDA:6,0,1,37
BRDA:6,1,0,40
BRDA:6,1,1,4
BRF:4
BRH:4
end_of_record
TN:
SF:src/smallestCommons.js
FN:1,smallestCommons
FNF:1
FNH:1
FNDA:4,smallestCommons
DA:2,4
DA:3,4
DA:5,4
DA:6,4
DA:9,6059456
DA:10,6059456
DA:13,6417895
DA:14,6059452
DA:15,6059452
DA:17,358443
DA:20,6059456
DA:22,6059452
DA:27,1
LF:13
LH:13
BRDA:13,0,0,6059452
BRDA:13,0,1,358443
BRDA:20,1,0,4
BRDA:20,1,1,6059452
BRF:4
BRH:4
end_of_record
TN:
SF:src/sortedUnion.js
FN:1,sortedUnion
FNF:1
FNH:1
FNDA:2,sortedUnion
DA:4,2
DA:5,2
DA:6,6
DA:7,18
DA:11,2
DA:12,2
DA:15,1
DA:17,1
LF:8
LH:8
BRF:0
BRH:0
end_of_record
TN:
SF:src/sumAll.js
FN:1,sumAll
FNF:1
FNH:1
FNDA:4,sumAll
DA:2,4
DA:4,4
DA:5,4
DA:6,4
DA:7,19
DA:8,19
DA:10,4
DA:13,1
LF:8
LH:8
BRF:0
BRH:0
end_of_record
TN:
SF:src/sumFibs.js
FN:1,sumFibs
FNF:1
FNH:1
FNDA:5,sumFibs
DA:4,5
DA:5,5
DA:6,5
DA:7,65
DA:8,65
DA:9,61
DA:10,61
DA:12,4
DA:15,5
DA:18,1
DA:20,1
LF:11
LH:11
BRDA:8,0,0,61
BRDA:8,0,1,4
BRDA:10,1,0,39
BRDA:10,1,1,22
BRF:4
BRH:4
end_of_record
TN:
SF:src/sumPrimes.js
FN:1,sumPrimes
FN:22,(anonymous_1)
FNF:2
FNH:2
FNDA:3,sumPrimes
FNDA:331,(anonymous_1)
DA:5,3
DA:7,3
DA:9,1961
DA:10,1961
DA:12,1593812
DA:13,3588
DA:14,3588
DA:17,1961
DA:18,334
DA:22,331
DA:27,1
DA:28,1
LF:12
LH:12
BRDA:12,0,0,3588
BRDA:12,0,1,1590224
BRDA:14,1,0,1627
BRDA:14,1,1,1961
BRDA:17,2,0,334
BRDA:17,2,1,1627
BRF:6
BRH:6
end_of_record
TN:
SF:src/whatIsInAName.js
FN:1,whatIsInAName
FN:5,(anonymous_1)
FN:7,(anonymous_2)
FNF:3
FNH:3
FNDA:3,whatIsInAName
FNDA:7,(anonymous_1)
FNDA:10,(anonymous_2)
DA:5,3
DA:7,7
DA:8,10
DA:9,9
DA:11,1
DA:16,3
DA:20,1
LF:7
LH:7
BRDA:8,0,0,9
BRDA:8,0,1,1
BRDA:9,1,0,3
BRDA:9,1,1,6
BRF:4
BRH:4
end_of_record
