TN:
SF:src/destroyer.js
FN:1,destroyer
FN:5,(anonymous_1)
FNF:2
FNH:2
FNDA:2,destroyer
FNDA:17,(anonymous_1)
DA:2,2
DA:3,2
DA:5,2
DA:6,17
DA:7,12
DA:8,5
DA:13,1
LF:7
LH:7
BRDA:6,0,0,12
BRDA:6,0,1,5
BRF:2
BRH:2
end_of_record
TN:
SF:src/diffTwoArrays.js
FN:1,diffTwoArrays
FN:4,(anonymous_1)
FNF:2
FNH:2
FNDA:3,diffTwoArrays
FNDA:26,(anonymous_1)
DA:2,3
DA:4,3
DA:5,26
DA:6,18
DA:8,8
DA:13,1
LF:6
LH:6
BRDA:5,0,0,18
BRDA:5,0,1,8
BRDA:5,1,0,26
BRDA:5,1,1,23
BRF:4
BRH:4
end_of_record
TN:
SF:src/sumAll.js
FN:1,sumAll
FNF:1
FNH:1
FNDA:4,sumAll
DA:2,4
DA:4,4
DA:5,4
DA:6,4
DA:7,19
DA:8,19
DA:10,4
DA:13,1
LF:8
LH:8
BRF:0
BRH:0
end_of_record
